# JRE version: OpenJDK Runtime Environment (17.0.10) (build 17.0.10+0--11609105)
# Java VM: OpenJDK 64-Bit Server VM (17.0.10+0--11609105, mixed mode, tiered, compressed oops, compressed class ptrs, g1 gc, windows-amd64)
GC Precious Log:
 CPUs: 8 total, 8 available
 Memory: 16057M
 Large Page Support: Disabled
 NUMA Support: Disabled
 Compressed Oops: Enabled (32-bit)
 Heap Region Size: 1M
 Heap Min Capacity: 8M
 Heap Initial Capacity: 252M
 Heap Max Capacity: 2G
 Pre-touch: Disabled
 Parallel Workers: 8
 Concurrent Workers: 2
 Concurrent Refinement Workers: 8
 Periodic GC: Disabled
Heap:
 garbage-first heap   total 346112K, used 264041K [0x0000000080000000, 0x0000000100000000)
  region size 1024K, 4 young (4096K), 2 survivors (2048K)
 Metaspace       used 163157K, committed 164352K, reserved 1245184K
  class space    used 22410K, committed 23040K, reserved 1048576K
GC Heap History (20 events):
Event: 215.498 GC heap before
{Heap before GC invocations=110 (full 0):
 garbage-first heap   total 346112K, used 295607K [0x0000000080000000, 0x0000000100000000)
  region size 1024K, 60 young (61440K), 3 survivors (3072K)
 Metaspace       used 143085K, committed 144192K, reserved 1179648K
  class space    used 19016K, committed 19584K, reserved 1048576K
}
Event: 215.500 GC heap after
{Heap after GC invocations=111 (full 0):
 garbage-first heap   total 346112K, used 235424K [0x0000000080000000, 0x0000000100000000)
  region size 1024K, 1 young (1024K), 1 survivors (1024K)
 Metaspace       used 143085K, committed 144192K, reserved 1179648K
  class space    used 19016K, committed 19584K, reserved 1048576K
}
Event: 216.146 GC heap before
{Heap before GC invocations=111 (full 0):
 garbage-first heap   total 346112K, used 296864K [0x0000000080000000, 0x0000000100000000)
  region size 1024K, 62 young (63488K), 1 survivors (1024K)
 Metaspace       used 144825K, committed 145984K, reserved 1179648K
  class space    used 19285K, committed 19904K, reserved 1048576K
}
Event: 216.149 GC heap after
{Heap after GC invocations=112 (full 0):
 garbage-first heap   total 346112K, used 238242K [0x0000000080000000, 0x0000000100000000)
  region size 1024K, 4 young (4096K), 4 survivors (4096K)
 Metaspace       used 144825K, committed 145984K, reserved 1179648K
  class space    used 19285K, committed 19904K, reserved 1048576K
}
Event: 216.709 GC heap before
{Heap before GC invocations=112 (full 0):
 garbage-first heap   total 346112K, used 297634K [0x0000000080000000, 0x0000000100000000)
  region size 1024K, 63 young (64512K), 4 survivors (4096K)
 Metaspace       used 145594K, committed 146688K, reserved 1179648K
  class space    used 19410K, committed 19968K, reserved 1048576K
}
Event: 216.713 GC heap after
{Heap after GC invocations=113 (full 0):
 garbage-first heap   total 346112K, used 239824K [0x0000000080000000, 0x0000000100000000)
  region size 1024K, 6 young (6144K), 6 survivors (6144K)
 Metaspace       used 145594K, committed 146688K, reserved 1179648K
  class space    used 19410K, committed 19968K, reserved 1048576K
}
Event: 217.442 GC heap before
{Heap before GC invocations=113 (full 0):
 garbage-first heap   total 346112K, used 297168K [0x0000000080000000, 0x0000000100000000)
  region size 1024K, 63 young (64512K), 6 survivors (6144K)
 Metaspace       used 150090K, committed 151296K, reserved 1179648K
  class space    used 20114K, committed 20736K, reserved 1048576K
}
Event: 217.449 GC heap after
{Heap after GC invocations=114 (full 0):
 garbage-first heap   total 346112K, used 245066K [0x0000000080000000, 0x0000000100000000)
  region size 1024K, 8 young (8192K), 8 survivors (8192K)
 Metaspace       used 150090K, committed 151296K, reserved 1179648K
  class space    used 20114K, committed 20736K, reserved 1048576K
}
Event: 218.031 GC heap before
{Heap before GC invocations=114 (full 0):
 garbage-first heap   total 346112K, used 296266K [0x0000000080000000, 0x0000000100000000)
  region size 1024K, 59 young (60416K), 8 survivors (8192K)
 Metaspace       used 153879K, committed 155072K, reserved 1245184K
  class space    used 20731K, committed 21376K, reserved 1048576K
}
Event: 218.041 GC heap after
{Heap after GC invocations=115 (full 0):
 garbage-first heap   total 346112K, used 250511K [0x0000000080000000, 0x0000000100000000)
  region size 1024K, 6 young (6144K), 6 survivors (6144K)
 Metaspace       used 153879K, committed 155072K, reserved 1245184K
  class space    used 20731K, committed 21376K, reserved 1048576K
}
Event: 218.403 GC heap before
{Heap before GC invocations=115 (full 0):
 garbage-first heap   total 346112K, used 296591K [0x0000000080000000, 0x0000000100000000)
  region size 1024K, 52 young (53248K), 6 survivors (6144K)
 Metaspace       used 156673K, committed 157888K, reserved 1245184K
  class space    used 21352K, committed 21952K, reserved 1048576K
}
Event: 218.411 GC heap after
{Heap after GC invocations=116 (full 0):
 garbage-first heap   total 346112K, used 255809K [0x0000000080000000, 0x0000000100000000)
  region size 1024K, 6 young (6144K), 6 survivors (6144K)
 Metaspace       used 156673K, committed 157888K, reserved 1245184K
  class space    used 21352K, committed 21952K, reserved 1048576K
}
Event: 218.620 GC heap before
{Heap before GC invocations=116 (full 0):
 garbage-first heap   total 346112K, used 298817K [0x0000000080000000, 0x0000000100000000)
  region size 1024K, 48 young (49152K), 6 survivors (6144K)
 Metaspace       used 158257K, committed 159488K, reserved 1245184K
  class space    used 21661K, committed 22272K, reserved 1048576K
}
Event: 218.629 GC heap after
{Heap after GC invocations=117 (full 0):
 garbage-first heap   total 346112K, used 261656K [0x0000000080000000, 0x0000000100000000)
  region size 1024K, 6 young (6144K), 6 survivors (6144K)
 Metaspace       used 158257K, committed 159488K, reserved 1245184K
  class space    used 21661K, committed 22272K, reserved 1048576K
}
Event: 218.975 GC heap before
{Heap before GC invocations=117 (full 0):
 garbage-first heap   total 346112K, used 298520K [0x0000000080000000, 0x0000000100000000)
  region size 1024K, 43 young (44032K), 6 survivors (6144K)
 Metaspace       used 161191K, committed 162432K, reserved 1245184K
  class space    used 22207K, committed 22848K, reserved 1048576K
}
Event: 218.981 GC heap after
{Heap after GC invocations=118 (full 0):
 garbage-first heap   total 346112K, used 262399K [0x0000000080000000, 0x0000000100000000)
  region size 1024K, 1 young (1024K), 1 survivors (1024K)
 Metaspace       used 161191K, committed 162432K, reserved 1245184K
  class space    used 22207K, committed 22848K, reserved 1048576K
}
Event: 219.215 GC heap before
{Heap before GC invocations=118 (full 0):
 garbage-first heap   total 346112K, used 299263K [0x0000000080000000, 0x0000000100000000)
  region size 1024K, 38 young (38912K), 1 survivors (1024K)
 Metaspace       used 161993K, committed 163200K, reserved 1245184K
  class space    used 22298K, committed 22912K, reserved 1048576K
}
Event: 219.218 GC heap after
{Heap after GC invocations=119 (full 0):
 garbage-first heap   total 346112K, used 262287K [0x0000000080000000, 0x0000000100000000)
  region size 1024K, 1 young (1024K), 1 survivors (1024K)
 Metaspace       used 161993K, committed 163200K, reserved 1245184K
  class space    used 22298K, committed 22912K, reserved 1048576K
}
Event: 219.383 GC heap before
{Heap before GC invocations=119 (full 0):
 garbage-first heap   total 346112K, used 302223K [0x0000000080000000, 0x0000000100000000)
  region size 1024K, 40 young (40960K), 1 survivors (1024K)
 Metaspace       used 162559K, committed 163776K, reserved 1245184K
  class space    used 22343K, committed 22976K, reserved 1048576K
}
Event: 219.386 GC heap after
{Heap after GC invocations=120 (full 0):
 garbage-first heap   total 346112K, used 262792K [0x0000000080000000, 0x0000000100000000)
  region size 1024K, 2 young (2048K), 2 survivors (2048K)
 Metaspace       used 162559K, committed 163776K, reserved 1245184K
  class space    used 22343K, committed 22976K, reserved 1048576K
}

