# JRE version: OpenJDK Runtime Environment (17.0.10) (build 17.0.10+0--11609105)
# Java VM: OpenJDK 64-Bit Server VM (17.0.10+0--11609105, mixed mode, tiered, compressed oops, compressed class ptrs, g1 gc, windows-amd64)
GC Precious Log:
 CPUs: 8 total, 8 available
 Memory: 16057M
 Large Page Support: Disabled
 NUMA Support: Disabled
 Compressed Oops: Enabled (32-bit)
 Heap Region Size: 1M
 Heap Min Capacity: 8M
 Heap Initial Capacity: 252M
 Heap Max Capacity: 2G
 Pre-touch: Disabled
 Parallel Workers: 8
 Concurrent Workers: 2
 Concurrent Refinement Workers: 8
 Periodic GC: Disabled
Heap:
 garbage-first heap   total 194560K, used 82362K [0x0000000080000000, 0x0000000100000000)
  region size 1024K, 12 young (12288K), 1 survivors (1024K)
 Metaspace       used 67952K, committed 68544K, reserved 1114112K
  class space    used 9334K, committed 9600K, reserved 1048576K
GC Heap History (20 events):
Event: 10.138 GC heap before
{Heap before GC invocations=20 (full 0):
 garbage-first heap   total 73728K, used 43842K [0x0000000080000000, 0x0000000100000000)
  region size 1024K, 4 young (4096K), 3 survivors (3072K)
 Metaspace       used 56458K, committed 57024K, reserved 1114112K
  class space    used 7771K, committed 8064K, reserved 1048576K
}
Event: 10.142 GC heap after
{Heap after GC invocations=21 (full 0):
 garbage-first heap   total 73728K, used 42229K [0x0000000080000000, 0x0000000100000000)
  region size 1024K, 1 young (1024K), 1 survivors (1024K)
 Metaspace       used 56458K, committed 57024K, reserved 1114112K
  class space    used 7771K, committed 8064K, reserved 1048576K
}
Event: 10.250 GC heap before
{Heap before GC invocations=21 (full 0):
 garbage-first heap   total 73728K, used 56565K [0x0000000080000000, 0x0000000100000000)
  region size 1024K, 16 young (16384K), 1 survivors (1024K)
 Metaspace       used 56573K, committed 57152K, reserved 1114112K
  class space    used 7775K, committed 8064K, reserved 1048576K
}
Event: 10.252 GC heap after
{Heap after GC invocations=22 (full 0):
 garbage-first heap   total 73728K, used 44224K [0x0000000080000000, 0x0000000100000000)
  region size 1024K, 2 young (2048K), 2 survivors (2048K)
 Metaspace       used 56573K, committed 57152K, reserved 1114112K
  class space    used 7775K, committed 8064K, reserved 1048576K
}
Event: 10.599 GC heap before
{Heap before GC invocations=23 (full 0):
 garbage-first heap   total 78848K, used 63680K [0x0000000080000000, 0x0000000100000000)
  region size 1024K, 16 young (16384K), 2 survivors (2048K)
 Metaspace       used 57222K, committed 57728K, reserved 1114112K
  class space    used 7878K, committed 8128K, reserved 1048576K
}
Event: 10.601 GC heap after
{Heap after GC invocations=24 (full 0):
 garbage-first heap   total 78848K, used 52817K [0x0000000080000000, 0x0000000100000000)
  region size 1024K, 2 young (2048K), 2 survivors (2048K)
 Metaspace       used 57222K, committed 57728K, reserved 1114112K
  class space    used 7878K, committed 8128K, reserved 1048576K
}
Event: 10.614 GC heap before
{Heap before GC invocations=24 (full 0):
 garbage-first heap   total 78848K, used 53841K [0x0000000080000000, 0x0000000100000000)
  region size 1024K, 3 young (3072K), 2 survivors (2048K)
 Metaspace       used 57242K, committed 57792K, reserved 1114112K
  class space    used 7880K, committed 8128K, reserved 1048576K
}
Event: 10.615 GC heap after
{Heap after GC invocations=25 (full 0):
 garbage-first heap   total 78848K, used 50376K [0x0000000080000000, 0x0000000100000000)
  region size 1024K, 1 young (1024K), 1 survivors (1024K)
 Metaspace       used 57242K, committed 57792K, reserved 1114112K
  class space    used 7880K, committed 8128K, reserved 1048576K
}
Event: 10.623 GC heap before
{Heap before GC invocations=25 (full 0):
 garbage-first heap   total 78848K, used 50376K [0x0000000080000000, 0x0000000100000000)
  region size 1024K, 2 young (2048K), 1 survivors (1024K)
 Metaspace       used 57248K, committed 57792K, reserved 1114112K
  class space    used 7880K, committed 8128K, reserved 1048576K
}
Event: 10.625 GC heap after
{Heap after GC invocations=26 (full 0):
 garbage-first heap   total 78848K, used 50411K [0x0000000080000000, 0x0000000100000000)
  region size 1024K, 1 young (1024K), 1 survivors (1024K)
 Metaspace       used 57248K, committed 57792K, reserved 1114112K
  class space    used 7880K, committed 8128K, reserved 1048576K
}
Event: 11.005 GC heap before
{Heap before GC invocations=27 (full 0):
 garbage-first heap   total 91136K, used 68843K [0x0000000080000000, 0x0000000100000000)
  region size 1024K, 13 young (13312K), 1 survivors (1024K)
 Metaspace       used 58727K, committed 59264K, reserved 1114112K
  class space    used 8052K, committed 8320K, reserved 1048576K
}
Event: 11.007 GC heap after
{Heap after GC invocations=28 (full 0):
 garbage-first heap   total 91136K, used 61463K [0x0000000080000000, 0x0000000100000000)
  region size 1024K, 2 young (2048K), 2 survivors (2048K)
 Metaspace       used 58727K, committed 59264K, reserved 1114112K
  class space    used 8052K, committed 8320K, reserved 1048576K
}
Event: 11.048 GC heap before
{Heap before GC invocations=28 (full 0):
 garbage-first heap   total 91136K, used 63511K [0x0000000080000000, 0x0000000100000000)
  region size 1024K, 4 young (4096K), 2 survivors (2048K)
 Metaspace       used 58961K, committed 59520K, reserved 1114112K
  class space    used 8085K, committed 8320K, reserved 1048576K
}
Event: 11.050 GC heap after
{Heap after GC invocations=29 (full 0):
 garbage-first heap   total 91136K, used 61098K [0x0000000080000000, 0x0000000100000000)
  region size 1024K, 1 young (1024K), 1 survivors (1024K)
 Metaspace       used 58961K, committed 59520K, reserved 1114112K
  class space    used 8085K, committed 8320K, reserved 1048576K
}
Event: 11.234 GC heap before
{Heap before GC invocations=29 (full 0):
 garbage-first heap   total 91136K, used 74410K [0x0000000080000000, 0x0000000100000000)
  region size 1024K, 11 young (11264K), 1 survivors (1024K)
 Metaspace       used 59953K, committed 60480K, reserved 1114112K
  class space    used 8225K, committed 8448K, reserved 1048576K
}
Event: 11.235 GC heap after
{Heap after GC invocations=30 (full 0):
 garbage-first heap   total 194560K, used 65949K [0x0000000080000000, 0x0000000100000000)
  region size 1024K, 1 young (1024K), 1 survivors (1024K)
 Metaspace       used 59953K, committed 60480K, reserved 1114112K
  class space    used 8225K, committed 8448K, reserved 1048576K
}
Event: 12.411 GC heap before
{Heap before GC invocations=31 (full 0):
 garbage-first heap   total 194560K, used 140701K [0x0000000080000000, 0x0000000100000000)
  region size 1024K, 73 young (74752K), 1 survivors (1024K)
 Metaspace       used 66712K, committed 67264K, reserved 1114112K
  class space    used 9159K, committed 9408K, reserved 1048576K
}
Event: 12.416 GC heap after
{Heap after GC invocations=32 (full 0):
 garbage-first heap   total 194560K, used 72059K [0x0000000080000000, 0x0000000100000000)
  region size 1024K, 5 young (5120K), 5 survivors (5120K)
 Metaspace       used 66712K, committed 67264K, reserved 1114112K
  class space    used 9159K, committed 9408K, reserved 1048576K
}
Event: 12.465 GC heap before
{Heap before GC invocations=32 (full 0):
 garbage-first heap   total 194560K, used 75131K [0x0000000080000000, 0x0000000100000000)
  region size 1024K, 9 young (9216K), 5 survivors (5120K)
 Metaspace       used 67016K, committed 67584K, reserved 1114112K
  class space    used 9198K, committed 9472K, reserved 1048576K
}
Event: 12.470 GC heap after
{Heap after GC invocations=33 (full 0):
 garbage-first heap   total 194560K, used 72122K [0x0000000080000000, 0x0000000100000000)
  region size 1024K, 1 young (1024K), 1 survivors (1024K)
 Metaspace       used 67016K, committed 67584K, reserved 1114112K
  class space    used 9198K, committed 9472K, reserved 1048576K
}

