# JRE version: OpenJDK Runtime Environment (17.0.10) (build 17.0.10+0--11609105)
# Java VM: OpenJDK 64-Bit Server VM (17.0.10+0--11609105, mixed mode, tiered, compressed oops, compressed class ptrs, g1 gc, windows-amd64)
GC Precious Log:
 CPUs: 8 total, 8 available
 Memory: 16057M
 Large Page Support: Disabled
 NUMA Support: Disabled
 Compressed Oops: Enabled (32-bit)
 Heap Region Size: 1M
 Heap Min Capacity: 8M
 Heap Initial Capacity: 252M
 Heap Max Capacity: 2G
 Pre-touch: Disabled
 Parallel Workers: 8
 Concurrent Workers: 2
 Concurrent Refinement Workers: 8
 Periodic GC: Disabled
Heap:
 garbage-first heap   total 287744K, used 219310K [0x0000000080000000, 0x0000000100000000)
  region size 1024K, 72 young (73728K), 14 survivors (14336K)
 Metaspace       used 113230K, committed 114048K, reserved 1179648K
  class space    used 15958K, committed 16384K, reserved 1048576K
GC Heap History (20 events):
Event: 10.222 GC heap before
{Heap before GC invocations=32 (full 0):
 garbage-first heap   total 162816K, used 130703K [0x0000000080000000, 0x0000000100000000)
  region size 1024K, 45 young (46080K), 1 survivors (1024K)
 Metaspace       used 85373K, committed 86016K, reserved 1179648K
  class space    used 11859K, committed 12160K, reserved 1048576K
}
Event: 10.225 GC heap after
{Heap after GC invocations=33 (full 0):
 garbage-first heap   total 162816K, used 85784K [0x0000000080000000, 0x0000000100000000)
  region size 1024K, 2 young (2048K), 2 survivors (2048K)
 Metaspace       used 85373K, committed 86016K, reserved 1179648K
  class space    used 11859K, committed 12160K, reserved 1048576K
}
Event: 10.648 GC heap before
{Heap before GC invocations=33 (full 0):
 garbage-first heap   total 162816K, used 131864K [0x0000000080000000, 0x0000000100000000)
  region size 1024K, 47 young (48128K), 2 survivors (2048K)
 Metaspace       used 88546K, committed 89280K, reserved 1179648K
  class space    used 12344K, committed 12672K, reserved 1048576K
}
Event: 10.651 GC heap after
{Heap after GC invocations=34 (full 0):
 garbage-first heap   total 162816K, used 87625K [0x0000000080000000, 0x0000000100000000)
  region size 1024K, 4 young (4096K), 4 survivors (4096K)
 Metaspace       used 88546K, committed 89280K, reserved 1179648K
  class space    used 12344K, committed 12672K, reserved 1048576K
}
Event: 11.129 GC heap before
{Heap before GC invocations=34 (full 0):
 garbage-first heap   total 162816K, used 133705K [0x0000000080000000, 0x0000000100000000)
  region size 1024K, 49 young (50176K), 4 survivors (4096K)
 Metaspace       used 91884K, committed 92544K, reserved 1179648K
  class space    used 12814K, committed 13120K, reserved 1048576K
}
Event: 11.132 GC heap after
{Heap after GC invocations=35 (full 0):
 garbage-first heap   total 162816K, used 90495K [0x0000000080000000, 0x0000000100000000)
  region size 1024K, 7 young (7168K), 7 survivors (7168K)
 Metaspace       used 91884K, committed 92544K, reserved 1179648K
  class space    used 12814K, committed 13120K, reserved 1048576K
}
Event: 11.542 GC heap before
{Heap before GC invocations=35 (full 0):
 garbage-first heap   total 162816K, used 134527K [0x0000000080000000, 0x0000000100000000)
  region size 1024K, 50 young (51200K), 7 survivors (7168K)
 Metaspace       used 96173K, committed 96896K, reserved 1179648K
  class space    used 13426K, committed 13760K, reserved 1048576K
}
Event: 11.547 GC heap after
{Heap after GC invocations=36 (full 0):
 garbage-first heap   total 162816K, used 92747K [0x0000000080000000, 0x0000000100000000)
  region size 1024K, 6 young (6144K), 6 survivors (6144K)
 Metaspace       used 96173K, committed 96896K, reserved 1179648K
  class space    used 13426K, committed 13760K, reserved 1048576K
}
Event: 11.919 GC heap before
{Heap before GC invocations=36 (full 0):
 garbage-first heap   total 162816K, used 135755K [0x0000000080000000, 0x0000000100000000)
  region size 1024K, 48 young (49152K), 6 survivors (6144K)
 Metaspace       used 98655K, committed 99392K, reserved 1179648K
  class space    used 13795K, committed 14144K, reserved 1048576K
}
Event: 11.923 GC heap after
{Heap after GC invocations=37 (full 0):
 garbage-first heap   total 162816K, used 95588K [0x0000000080000000, 0x0000000100000000)
  region size 1024K, 6 young (6144K), 6 survivors (6144K)
 Metaspace       used 98655K, committed 99392K, reserved 1179648K
  class space    used 13795K, committed 14144K, reserved 1048576K
}
Event: 12.276 GC heap before
{Heap before GC invocations=37 (full 0):
 garbage-first heap   total 162816K, used 135524K [0x0000000080000000, 0x0000000100000000)
  region size 1024K, 45 young (46080K), 6 survivors (6144K)
 Metaspace       used 100275K, committed 101056K, reserved 1179648K
  class space    used 14062K, committed 14400K, reserved 1048576K
}
Event: 12.281 GC heap after
{Heap after GC invocations=38 (full 0):
 garbage-first heap   total 162816K, used 100162K [0x0000000080000000, 0x0000000100000000)
  region size 1024K, 5 young (5120K), 5 survivors (5120K)
 Metaspace       used 100275K, committed 101056K, reserved 1179648K
  class space    used 14062K, committed 14400K, reserved 1048576K
}
Event: 12.444 GC heap before
{Heap before GC invocations=38 (full 0):
 garbage-first heap   total 162816K, used 134978K [0x0000000080000000, 0x0000000100000000)
  region size 1024K, 39 young (39936K), 5 survivors (5120K)
 Metaspace       used 100383K, committed 101120K, reserved 1179648K
  class space    used 14064K, committed 14400K, reserved 1048576K
}
Event: 12.447 GC heap after
{Heap after GC invocations=39 (full 0):
 garbage-first heap   total 269312K, used 101534K [0x0000000080000000, 0x0000000100000000)
  region size 1024K, 4 young (4096K), 4 survivors (4096K)
 Metaspace       used 100383K, committed 101120K, reserved 1179648K
  class space    used 14064K, committed 14400K, reserved 1048576K
}
Event: 13.751 GC heap before
{Heap before GC invocations=39 (full 0):
 garbage-first heap   total 269312K, used 216222K [0x0000000080000000, 0x0000000100000000)
  region size 1024K, 117 young (119808K), 4 survivors (4096K)
 Metaspace       used 101593K, committed 102336K, reserved 1179648K
  class space    used 14237K, committed 14592K, reserved 1048576K
}
Event: 13.757 GC heap after
{Heap after GC invocations=40 (full 0):
 garbage-first heap   total 269312K, used 105601K [0x0000000080000000, 0x0000000100000000)
  region size 1024K, 8 young (8192K), 8 survivors (8192K)
 Metaspace       used 101593K, committed 102336K, reserved 1179648K
  class space    used 14237K, committed 14592K, reserved 1048576K
}
Event: 15.378 GC heap before
{Heap before GC invocations=40 (full 0):
 garbage-first heap   total 269312K, used 232577K [0x0000000080000000, 0x0000000100000000)
  region size 1024K, 117 young (119808K), 8 survivors (8192K)
 Metaspace       used 107331K, committed 108096K, reserved 1179648K
  class space    used 14922K, committed 15296K, reserved 1048576K
}
Event: 15.391 GC heap after
{Heap after GC invocations=41 (full 0):
 garbage-first heap   total 269312K, used 125702K [0x0000000080000000, 0x0000000100000000)
  region size 1024K, 15 young (15360K), 15 survivors (15360K)
 Metaspace       used 107331K, committed 108096K, reserved 1179648K
  class space    used 14922K, committed 15296K, reserved 1048576K
}
Event: 17.100 GC heap before
{Heap before GC invocations=41 (full 0):
 garbage-first heap   total 269312K, used 247558K [0x0000000080000000, 0x0000000100000000)
  region size 1024K, 106 young (108544K), 15 survivors (15360K)
 Metaspace       used 112025K, committed 112832K, reserved 1179648K
  class space    used 15765K, committed 16128K, reserved 1048576K
}
Event: 17.128 GC heap after
{Heap after GC invocations=42 (full 0):
 garbage-first heap   total 287744K, used 160942K [0x0000000080000000, 0x0000000100000000)
  region size 1024K, 14 young (14336K), 14 survivors (14336K)
 Metaspace       used 112025K, committed 112832K, reserved 1179648K
  class space    used 15765K, committed 16128K, reserved 1048576K
}

