# JRE version: OpenJDK Runtime Environment (17.0.10) (build 17.0.10+0--11609105)
# Java VM: OpenJDK 64-Bit Server VM (17.0.10+0--11609105, mixed mode, tiered, compressed oops, compressed class ptrs, g1 gc, windows-amd64)
GC Precious Log:
 CPUs: 8 total, 8 available
 Memory: 16057M
 Large Page Support: Disabled
 NUMA Support: Disabled
 Compressed Oops: Enabled (32-bit)
 Heap Region Size: 1M
 Heap Min Capacity: 8M
 Heap Initial Capacity: 252M
 Heap Max Capacity: 2G
 Pre-touch: Disabled
 Parallel Workers: 8
 Concurrent Workers: 2
 Concurrent Refinement Workers: 8
 Periodic GC: Disabled
Heap:
 garbage-first heap   total 345088K, used 228066K [0x0000000080000000, 0x0000000100000000)
  region size 1024K, 68 young (69632K), 17 survivors (17408K)
 Metaspace       used 126655K, committed 127552K, reserved 1179648K
  class space    used 17193K, committed 17600K, reserved 1048576K
GC Heap History (20 events):
Event: 27.447 GC heap before
{Heap before GC invocations=57 (full 0):
 garbage-first heap   total 345088K, used 254976K [0x0000000080000000, 0x0000000100000000)
  region size 1024K, 82 young (83968K), 2 survivors (2048K)
 Metaspace       used 108006K, committed 108736K, reserved 1179648K
  class space    used 14811K, committed 15168K, reserved 1048576K
}
Event: 27.457 GC heap after
{Heap after GC invocations=58 (full 0):
 garbage-first heap   total 345088K, used 141734K [0x0000000080000000, 0x0000000100000000)
  region size 1024K, 7 young (7168K), 7 survivors (7168K)
 Metaspace       used 108006K, committed 108736K, reserved 1179648K
  class space    used 14811K, committed 15168K, reserved 1048576K
}
Event: 28.268 GC heap before
{Heap before GC invocations=58 (full 0):
 garbage-first heap   total 345088K, used 245158K [0x0000000080000000, 0x0000000100000000)
  region size 1024K, 109 young (111616K), 7 survivors (7168K)
 Metaspace       used 111836K, committed 112640K, reserved 1179648K
  class space    used 15165K, committed 15552K, reserved 1048576K
}
Event: 28.283 GC heap after
{Heap after GC invocations=59 (full 0):
 garbage-first heap   total 345088K, used 151429K [0x0000000080000000, 0x0000000100000000)
  region size 1024K, 14 young (14336K), 14 survivors (14336K)
 Metaspace       used 111836K, committed 112640K, reserved 1179648K
  class space    used 15165K, committed 15552K, reserved 1048576K
}
Event: 29.314 GC heap before
{Heap before GC invocations=59 (full 0):
 garbage-first heap   total 345088K, used 247685K [0x0000000080000000, 0x0000000100000000)
  region size 1024K, 107 young (109568K), 14 survivors (14336K)
 Metaspace       used 113128K, committed 113920K, reserved 1179648K
  class space    used 15300K, committed 15680K, reserved 1048576K
}
Event: 29.323 GC heap after
{Heap after GC invocations=60 (full 0):
 garbage-first heap   total 345088K, used 148968K [0x0000000080000000, 0x0000000100000000)
  region size 1024K, 4 young (4096K), 4 survivors (4096K)
 Metaspace       used 113128K, committed 113920K, reserved 1179648K
  class space    used 15300K, committed 15680K, reserved 1048576K
}
Event: 33.884 GC heap before
{Heap before GC invocations=60 (full 0):
 garbage-first heap   total 345088K, used 256488K [0x0000000080000000, 0x0000000100000000)
  region size 1024K, 110 young (112640K), 4 survivors (4096K)
 Metaspace       used 114549K, committed 115392K, reserved 1179648K
  class space    used 15455K, committed 15872K, reserved 1048576K
}
Event: 33.889 GC heap after
{Heap after GC invocations=61 (full 0):
 garbage-first heap   total 345088K, used 153112K [0x0000000080000000, 0x0000000100000000)
  region size 1024K, 8 young (8192K), 8 survivors (8192K)
 Metaspace       used 114549K, committed 115392K, reserved 1179648K
  class space    used 15455K, committed 15872K, reserved 1048576K
}
Event: 36.196 GC heap before
{Heap before GC invocations=61 (full 0):
 garbage-first heap   total 345088K, used 266776K [0x0000000080000000, 0x0000000100000000)
  region size 1024K, 120 young (122880K), 8 survivors (8192K)
 Metaspace       used 117582K, committed 118464K, reserved 1179648K
  class space    used 15802K, committed 16256K, reserved 1048576K
}
Event: 36.205 GC heap after
{Heap after GC invocations=62 (full 0):
 garbage-first heap   total 345088K, used 158832K [0x0000000080000000, 0x0000000100000000)
  region size 1024K, 14 young (14336K), 14 survivors (14336K)
 Metaspace       used 117582K, committed 118464K, reserved 1179648K
  class space    used 15802K, committed 16256K, reserved 1048576K
}
Event: 37.146 GC heap before
{Heap before GC invocations=62 (full 0):
 garbage-first heap   total 345088K, used 268400K [0x0000000080000000, 0x0000000100000000)
  region size 1024K, 122 young (124928K), 14 survivors (14336K)
 Metaspace       used 117984K, committed 118848K, reserved 1179648K
  class space    used 15850K, committed 16256K, reserved 1048576K
}
Event: 37.156 GC heap after
{Heap after GC invocations=63 (full 0):
 garbage-first heap   total 345088K, used 160694K [0x0000000080000000, 0x0000000100000000)
  region size 1024K, 10 young (10240K), 10 survivors (10240K)
 Metaspace       used 117984K, committed 118848K, reserved 1179648K
  class space    used 15850K, committed 16256K, reserved 1048576K
}
Event: 37.687 GC heap before
{Heap before GC invocations=63 (full 0):
 garbage-first heap   total 345088K, used 274358K [0x0000000080000000, 0x0000000100000000)
  region size 1024K, 122 young (124928K), 10 survivors (10240K)
 Metaspace       used 118009K, committed 118848K, reserved 1179648K
  class space    used 15853K, committed 16256K, reserved 1048576K
}
Event: 37.694 GC heap after
{Heap after GC invocations=64 (full 0):
 garbage-first heap   total 345088K, used 160148K [0x0000000080000000, 0x0000000100000000)
  region size 1024K, 4 young (4096K), 4 survivors (4096K)
 Metaspace       used 118009K, committed 118848K, reserved 1179648K
  class space    used 15853K, committed 16256K, reserved 1048576K
}
Event: 38.615 GC heap before
{Heap before GC invocations=64 (full 0):
 garbage-first heap   total 345088K, used 279956K [0x0000000080000000, 0x0000000100000000)
  region size 1024K, 122 young (124928K), 4 survivors (4096K)
 Metaspace       used 118028K, committed 118848K, reserved 1179648K
  class space    used 15853K, committed 16256K, reserved 1048576K
}
Event: 38.618 GC heap after
{Heap after GC invocations=65 (full 0):
 garbage-first heap   total 345088K, used 160018K [0x0000000080000000, 0x0000000100000000)
  region size 1024K, 4 young (4096K), 4 survivors (4096K)
 Metaspace       used 118028K, committed 118848K, reserved 1179648K
  class space    used 15853K, committed 16256K, reserved 1048576K
}
Event: 40.026 GC heap before
{Heap before GC invocations=65 (full 0):
 garbage-first heap   total 345088K, used 285970K [0x0000000080000000, 0x0000000100000000)
  region size 1024K, 128 young (131072K), 4 survivors (4096K)
 Metaspace       used 118501K, committed 119360K, reserved 1179648K
  class space    used 15923K, committed 16320K, reserved 1048576K
}
Event: 40.033 GC heap after
{Heap after GC invocations=66 (full 0):
 garbage-first heap   total 345088K, used 162258K [0x0000000080000000, 0x0000000100000000)
  region size 1024K, 6 young (6144K), 6 survivors (6144K)
 Metaspace       used 118501K, committed 119360K, reserved 1179648K
  class space    used 15923K, committed 16320K, reserved 1048576K
}
Event: 41.207 GC heap before
{Heap before GC invocations=66 (full 0):
 garbage-first heap   total 345088K, used 287186K [0x0000000080000000, 0x0000000100000000)
  region size 1024K, 129 young (132096K), 6 survivors (6144K)
 Metaspace       used 124077K, committed 124992K, reserved 1179648K
  class space    used 16788K, committed 17216K, reserved 1048576K
}
Event: 41.220 GC heap after
{Heap after GC invocations=67 (full 0):
 garbage-first heap   total 345088K, used 177890K [0x0000000080000000, 0x0000000100000000)
  region size 1024K, 17 young (17408K), 17 survivors (17408K)
 Metaspace       used 124077K, committed 124992K, reserved 1179648K
  class space    used 16788K, committed 17216K, reserved 1048576K
}

